93 92 90 89 88 85 77 7
91 91 91 91 82 79
90 90 89 87 86 86 85 84 82 81 80 80 80 79 79 76 76 76 76 76 73 73 70 69 68 65 65 64 64 62 62 61 61 61 60 59 58 58 57 57 56 56 54 54 51 50 49 48 48 47 47 44 41 40 40 38 37 37 36 35 33 31 31 30 28 27 27 27 23 22 21 21 21 18 13 13 12 10 9 8 7 6 5 5 2 2 1 1 1 1
91 90 82 76 52
90 89 87 85 82 56
94 93 89 89 83 81 70 69
95 94 94 94 94 94 93 92 92 91 90 89 88 88 87 87 86 83 81 81 80 78 76 76 75 72 71 70 69 69 68 68 66 64 63 62 62 61 61 57 57 57 56 55 54 51 48 48 46 44 43 42 41 41 41 37 36 36 35 32 30 29 28 28 27 27 26 25 23 22 21 19 19 17 17 17 17 17 16 16 16 16 15 15 14 13 12 12 12 11 11 10 8 7 6 6 5 5 2 1
97 95 95 88 41
92 92 91 91 91 86 44
92 92 91 87 79 46 46 32
97 96 92 91 85 70 62 19
92 91 86 70 36
95 94 94 93 93 92 91 91 91 90 90 90 88 87 85 85 84 83 83 82 82 81 81 81 79 78 76 75 75 75 73 73 72 69 66 65 64 61 60 59 59 58 58 54 53 52 52 51 49 46 45 43 43 43 43 39 38 38 34 34 32 31 31 31 30 30 30 29 26 26 25 24 22 21 19 18 18 16 15 15 12 12 11 10 10 8 8 5 5 4 3 3 3 2 1
90 90 85 85 65 9
91 91 90 28
90 88 88 85 83 82 72
92 92 92 91 90 87 87 86 85 83 82 80 79 79 79 79 77 77 76 76 76 74 71 70 70 69 68 68 67 67 67 66 66 66 65 63 62 61 60 58 57 57 57 53 53 53 52 51 51 50 49 49 46 46 44 43 42 42 42 40 40 39 39 36 36 36 35 34 31 31 29 27 27 24 23 22 21 19 19 18 17 14 12 10 10 8 8 6 5 5 4 2
93 93 93 82 79 75 53
100 100 96 95 94 89 77 73 69 69
97 96 95 91 7
97 96 94 93 90 77
92 90 89 89 85 85 84 83 83 82 82 80 80 80 79 79 79 79 78 78 77 77 77 77 77 77 74 73 73 69 69 68 66 64 62 62 62 61 61 61 59 57 56 55 55 53 52 48 46 46 44 43 42 42 39 38 37 37 36 36 35 34 33 33 33 32 27 27 27 26 25 24 24 22 22 21 19 18 17 16 14 14 11 11 11 10 10 7 7 6 6 5 3 2 1
94 93 92 92 92 89 63
88 84 84 83 10
91 90 88 84 81 68 52 19
94 93 92 88
100 99 98
90 90 90 87 58
95 92 49
95 94 93 92 91 90 89 62
97 96 93 92 91 90 88 87 87 87 86 86 86 86 85 84 83 83 83 83 82 80 79 79 78 78 76 76 74 73 72 71 69 69 66 66 64 64 63 63 63 60 60 60 58 58 58 57 57 57 55 55 53 52 52 49 49 46 46 44 40 40 39 38 38 37 37 36 33 32 32 32 28 28 27 24 23 20 20 18 17 16 14 14 13 13 13 11 8 7 7 5 4 4 3 1 1
99 98 97 96 94 92 52 49 36
99 98 98 97 95 95 95 95 94 94 94 92 90 87 87 86 85 84 83 81 81 78 78 75 74 73 72 71 70 69 68 67 66 66 66 65 64 64 64 63 62 62 61 58 58 56 55 54 53 53 52 52 50 49 49 48 47 46 45 43 41 40 38 37 36 34 33 32 32 31 31 29 29 29 28 28 27 25 24 22 22 22 21 20 20 20 18 18 17 17 13 12 11 9 9 5 3 2 1
92 91 91 91 54 45
94 93 93 92 92 91 91 91 90 89 87 86 84 82 80 77 76 76 75 75 73 73 73 72 70 70 68 68 65 65 64 64 63 62 62 62 60 57 57 56 55 55 54 54 52 52 51 51 50 44 44 43 41 36 36 36 35 32 30 29 28 27 26 26 25 24 23 23 22 19 18 18 18 17 17 16 15 14 13 13 12 11 11 10 9 8 8 7 7 6 3 2 2 1
96 94 94 93 93 88 87 86 85 83 82 82 82 82 81 81 80 79 79 77 76 75 73 73 72 71 71 70 68 67 66 65 65 61 59 59 58 57 56 56 55 54 54 53 52 52 51 51 50 50 46 44 43 42 42 42 42 42 40 36 36 34 33 33 33 32 31 31 30 27 26 25 24 18 17 17 17 16 14 13 13 13 13 12 12 12 10 9 9 9 7 7 4 4 1 1
89 89 88 87 86 84 5 1
92 91 89
95 93 92 91 89 89 89 87 86 85 84 83 82 82 81 79 79 77 77 76 75 73 73 73 71 70 69 69 67 66 66 64 64 64 63 60 60 59 58 57 57 56 51 50 49 48 48 46 45 44 43 43 41 41 41 40 37 36 36 35 34 33 33 33 32 27 27 26 25 24 22 21 19 17 17 17 17 15 15 13 13 12 9 9 9 8 7 7 4 4 4 3 3 2 1
93 93 91 91 90 89 87 87 87 85 85 84 83 82 82 80 79 79 79 79 79 78 77 77 76 73 72 71 70 70 70 69 67 66 66 64 63 62 62 61 61 60 59 57 57 56 56 56 53 52 50 49 48 47 46 46 43 42 42 39 38 36 35 35 32 32 30 30 27 26 26 25 23 18 18 15 15 15 13 13 13 10 10 10 9 8 8 7 5 4 4 2 1
90 90 89 87 86 69 44
100 99 96 72
94 93 92 90 86 83 80 72 36
88 88 87 87 86 85 85 68 67 46
97 96 95 94 93 92 91 90 89 88 87 86 85 84 83 82 81 80 79 78 77 76 75 74 73 72 71 70 69 68 67 66 65 64 63 62 61 60 59 58 57 56 55 54 53 52 51 50 49 48 47 46 45 44 43 42 41 40 39 38 37 36 35 34 33 32 31 30 29 28 27 26 25 24 23 22 21 20 19 18 17 16 15 14 13 12 11 10 9 8 7 6 5 4 3 2 1
93 92 91 90 89 88 87 86 85 84 83 82 81 80 79 78 77 76 75 74 73 72 71 70 69 68 67 66 65 64 63 62 61 60 59 58 57 56 55 54 53 52 51 50 49 48 47 46 45 44 43 42 41 40 39 38 37 36 35 34 33 32 31 30 29 28 27 26 25 24 23 22 21 20 19 18 17 16 15 14 13 12 11 10 9 8 7 6 5 4 3 2 1
97 96 95 94 93 92 91 90 89 88 87 86 85 84 83 82 81 80 79 78 77 76 75 74 73 72 71 70 69 68 67 66 65 64 63 62 61 60 59 58 57 56 55 54 53 52 51 50 49 48 47 46 45 44 43 42 41 40 39 38 37 36 35 34 33 32 31 30 29 28 27 26 25 24 23 22 21 20 19 18 17 16 15 14 13 12 11 10 9 8 7 6 5 4 3 2 1
96 95 94 53 46
89 89 87 65 63 47 30
99 99 97 79 57 50 20
94 93 93 93 91 88 87 83 80 80 79 79 79 78 78 77 76 74 74 73 73 73 73 72 69 69 69 68 66 62 62 61 59 58 58 57 56 56 56 55 54 52 51 50 49 48 48 46 46 46 45 44 43 42 41 41 41 40 39 38 37 37 35 34 34 34 33 31 30 30 29 27 26 22 19 18 18 18 16 15 14 13 12 12 8 8 7 7 6 6 5 5 4 2
99 99 95 95 95 93 73 52 45
89 88 88 87 87 87 72
96 95 77
92 90 89 89 87 85 82 81 81 81 80 79 78 78 77 76 73 73 72 70 69 68 67 66 65 65 62 61 60 60 59 59 56 55 55 54 53 51 50 49 48 46 46 45 45 45 44 42 42 40 39 38 38 36 34 33 33 32 31 29 29 28 28 27 27 27 26 24 24 24 24 23 22 18 18 18 18 17 16 14 12 11 11 10 10 6 6 5 4 4 4 3
96 94 93 93 92 92 92 91 91 91 89 88 88 86 85 84 84 82 81 80 77 77 77 76 75 74 74 72 71 69 69 67 66 65 64 59 56 56 55 55 54 53 53 52 47 47 47 47 46 45 44 44 42 42 41 41 41 40 38 37 36 36 35 34 34 30 30 30 29 28 28 27 23 22 21 20 20 20 19 18 18 18 18 16 13 12 11 9 8 7 7 7 5 4 2 1
97 96 96 93 89
95 94 90 87 63 17
96 95 93 91 87 71 70
94 94 92 92 90 44 40
92 91 46
99 99 99 98 96 93 88 67
96 95 94 94 94 87 80
93 93 93 90 87 82 78 77 63 62
92 92 91 91 87
91 90 86 86 57
96 96 96 96 91 90 62 62
91 91 90 89 87 70 69
97 96 94 93 93 91 91 91 89 89 88 87 87 86 83 82 81 81 81 80 79 79 77 77 74 73 73 72 72 72 71 70 65 63 63 62 62 61 61 59 58 57 53 53 50 46 46 44 42 42 41 41 40 39 39 38 38 38 36 35 34 31 29 28 26 25 25 24 23 20 20 19 17 17 17 16 16 15 14 13 13 12 12 12 11 10 9 8 6 6 5 4 4 4 3 2 2
98 98 97 95 95 79 58 42
98 98 98 73 67 62 50
91 89 88 88 76 76 62
98 97 97 97 96 95 95 94 93 92 92 92 90 89 88 88 87 86 86 86 86 84 84 82 79 78 77 75 74 73 73 71 70 68 67 67 66 65 64 63 62 62 61 56 55 54 54 53 53 51 48 47 46 44 43 42 42 41 36 36 36 35 34 33 33 33 32 30 29 28 27 27 27 24 24 22 20 18 18 17 16 16 14 14 13 12 11 11 8 7 7 6 5 5 4 4 3 3
96 95 75
90 88 88 87 87 87 83 83 81 76 74
94 94 94 94 90
91 90 90 88 88 86 85 38
100 99 83 67
93 90 85 84 83 40
98 97 96 95 94 92 91 87 70 61 19
94 91 91 89 89 89 89 88 87 85 85 83 83 81 80 80 79 79 78 77 74 73 72 71 70 70 69 69 68 65 65 64 64 63 62 62 61 61 61 60 58 57 55 54 54 53 52 50 49 48 48 48 48 45 45 45 45 43 37 36 35 34 33 33 32 32 31 27 26 26 24 22 22 21 20 20 18 16 13 12 11 10 9 9 9 5 5 4 4 4 3 3 2 1 1
96 95 95 90 88 76 70 55
95 95 95 94 94 89 89 68 11
89 88 84 75
95 94 93 91 84 63 52
91 90 89 88 87 86 85 84 83 82 81 80 79 78 77 76 75 74 73 72 71 70 69 68 67 66 65 64 63 62 61 60 59 58 57 56 55 54 53 52 51 50 49 48 47 46 45 44 43 42 41 40 39 38 37 36 35 34 33 32 31 30 29 28 27 26 25 24 23 22 21 20 19 18 17 16 15 14 13 12 11 10 9 8 7 6 5 4 3 2 1
94 92 92 91 91 87 83 83 81 81 79 79 79 76 69 69 68 68 68 67 67 66 64 63 61 60 57 56 56 54 54 53 52 52 51 50 48 46 45 45 45 43 42 41 41 41 40 38 38 38 37 37 36 36 34 34 34 34 34 33 31 31 30 30 29 28 28 27 27 26 25 24 24 24 21 20 20 20 19 19 18 17 15 10 7 7 7 6 6 6 4 4 3 1 1
100 98 97 96 94 31 21
99 99 97 93 93 93
98 98 98 96 96 96 95 94 94 93 92 89 85 85 85 85 84 83 83 83 83 82 81 81 81 79 79 77 77 77 74 73 73 72 71 70 68 66 65 65 63 63 62 62 62 61 60 59 59 58 58 57 56 54 52 51 50 50 48 48 48 47 47 46 43 40 40 40 40 38 37 35 35 33 31 26 24 22 22 18 18 17 17 16 12 10 10 9 6 6 6 5 3 3 2 1 1 1
91 91 91 87 84 82 39
91 89 89 86 72 60 57
92 91 90 89 88 87 86 85 84 83 82 81 80 79 78 77 76 75 74 73 72 71 70 69 68 67 66 65 64 63 62 61 60 59 58 57 56 55 54 53 52 51 50 49 48 47 46 45 44 43 42 41 40 39 38 37 36 35 34 33 32 31 30 29 28 27 26 25 24 23 22 21 20 19 18 17 16 15 14 13 12 11 10 9 8 7 6 5 4 3 2 1
91 90 90 83 77 68
97 96 96 91 78 65 3
100 99 98 97 96 95 94 93 92 91 90 89 88 87 86 85 84 83 82 81 80 79 78 77 76 75 74 73 72 71 70 69 68 67 66 65 64 63 62 61 60 59 58 57 56 55 54 53 52 51 50 49 48 47 46 45 44 43 42 41 40 39 38 37 36 35 34 33 32 31 30 29 28 27 26 25 24 23 22 21 20 19 18 17 16 15 14 13 12 11 10 9 8 7 6 5 4 3 2 1
100 99 99
100 50 33 15 15 15 15 15 15 15 15 15 15 15 15 15 15 15 15 15 15 15 15 15 15 15 15 15 15 15 15 15 15 15 15 15 15 15 15 15 15 15 15 15 15 15 15 15 15 15 15
100 69 69 69 69 69 69 69 69 69 69 69 69 69 69 69 69 69 69 69 69 69 69 69 69 69 69 69 69 69 69 69 69 69 69 69 69 69 69 69 69 69 69 69 69 69 69 69 69 69 69 69 69 69 69 69 69 69 69 69 69 69 69 69 69 69 69 69 69 69 69 69 69 69 69 69 69 69 69 69 69 69 69 69 69 69 69 69 69 69 69 69 69 69 69 69 69 50
100 98 96 94 92 90 88 86 84 82 80 78 76 74 72 70 68 66 64 62 60 58 56 54 52 50 48 46 44 42 40 38 36 34 32 30 28 26 24 22 20 18 16 14 14 14 14 14 14 14 14 14